<?xml version="1.0" encoding="UTF-8"?>
<!-- Generated by org.testng.reporters.JUnitReportReporter -->
<testsuite hostname="LAPTOP-HA8083HS" failures="0" tests="1" name="com.CoverFox.testCase.insuranceSelect" time="17.364" errors="0" timestamp="2024-08-13T16:28:57 IST" skipped="0">
  <testcase classname="com.CoverFox.testCase.insuranceSelect" name="insuranceTest" time="17.364"/>
</testsuite> <!-- com.CoverFox.testCase.insuranceSelect -->
