<?xml version="1.0" encoding="UTF-8"?>
<!-- Generated by org.testng.reporters.JUnitReportReporter -->
<testsuite hostname="LAPTOP-HA8083HS" failures="0" tests="1" name="com.CoverFox.testCase.landingPageTest" time="21.356" errors="0" timestamp="2024-08-17T12:32:01 IST" skipped="0">
  <testcase classname="com.CoverFox.testCase.landingPageTest" name="openlandingPage" time="21.356"/>
</testsuite> <!-- com.CoverFox.testCase.landingPageTest -->
